[21:54:44] [Server thread/INFO]: Starting minecraft server version 1.12.2
[21:54:44] [Server thread/INFO]: Loading properties
[21:54:44] [Server thread/INFO]: Default game type: SURVIVAL
[21:54:44] [Server thread/INFO]: Generating keypair
[21:54:44] [Server thread/INFO]: Starting Minecraft server on 0.0.0.0:25565
[21:54:44] [Server thread/INFO]: Using epoll channel type
[21:54:45] [Server thread/INFO]: Preparing level "world"
[21:54:46] [Server thread/INFO]: Loaded 488 advancements
[21:54:46] [Server thread/INFO]: Preparing start region for level 0
[21:54:47] [Server thread/INFO]: Preparing spawn area: 0%
[21:54:48] [Server thread/INFO]: Preparing spawn area: 18%
[21:54:49] [Server thread/INFO]: Preparing spawn area: 86%
[21:54:49] [Server thread/INFO]: Done (4.447s)! For help, type "help" or "?"
[21:54:58] [Server thread/INFO]: Stopping the server
[21:54:58] [Server thread/INFO]: Stopping server
[21:54:58] [Server thread/INFO]: Saving players
[21:54:58] [Server thread/INFO]: Saving worlds
[21:54:58] [Server thread/INFO]: Saving chunks for level 'world'/overworld
[21:54:58] [Server thread/INFO]: Saving chunks for level 'world'/the_nether
[21:54:58] [Server thread/INFO]: Saving chunks for level 'world'/the_end
[21:54:59] [Server Shutdown Thread/INFO]: Stopping server
[21:54:59] [Server Shutdown Thread/INFO]: Saving players
[21:54:59] [Server Shutdown Thread/INFO]: Saving worlds
[21:54:59] [Server Shutdown Thread/INFO]: Saving chunks for level 'world'/overworld
[21:54:59] [Server Shutdown Thread/INFO]: Saving chunks for level 'world'/the_nether
[21:54:59] [Server Shutdown Thread/INFO]: Saving chunks for level 'world'/the_end
